[ 2025-04-05 09:36:17,197 ] 1025 httpx - INFO - HTTP Request: GET https://dagshub.com/api/v1/user "HTTP/1.1 200 OK"
[ 2025-04-05 09:36:17,205 ] 107 dagshub - INFO - Accessing as akshan09061999
[ 2025-04-05 09:36:18,322 ] 1025 httpx - INFO - HTTP Request: GET https://dagshub.com/api/v1/repos/akshan09061999/networksecurity "HTTP/1.1 200 OK"
[ 2025-04-05 09:36:18,937 ] 1025 httpx - INFO - HTTP Request: GET https://dagshub.com/api/v1/user "HTTP/1.1 200 OK"
[ 2025-04-05 09:36:18,941 ] 107 dagshub - INFO - Initialized MLflow to track repo "akshan09061999/networksecurity"
[ 2025-04-05 09:36:18,943 ] 107 dagshub - INFO - Repository akshan09061999/networksecurity initialized!
[ 2025-04-05 09:36:18,944 ] 18 root - INFO - Initiate the data ingestion
[ 2025-04-05 09:36:24,363 ] 65 root - INFO - Performed train test split on the dataframe
[ 2025-04-05 09:36:24,363 ] 67 root - INFO - Exited split_data_as_train_test method of Data_Ingestion class
[ 2025-04-05 09:36:24,363 ] 75 root - INFO - Exporting train and test file path.
[ 2025-04-05 09:36:24,441 ] 84 root - INFO - Exported train and test file path.
[ 2025-04-05 09:36:24,443 ] 20 root - INFO - Data ingestion completed
[ 2025-04-05 09:36:24,452 ] 24 root - INFO - Initiate the data validation
[ 2025-04-05 09:36:24,542 ] 32 root - INFO - Required number of columns:2
[ 2025-04-05 09:36:24,542 ] 33 root - INFO - Data frame has columns:31
[ 2025-04-05 09:36:24,543 ] 32 root - INFO - Required number of columns:2
[ 2025-04-05 09:36:24,543 ] 33 root - INFO - Data frame has columns:31
[ 2025-04-05 09:36:24,689 ] 26 root - INFO - Data validation completed
[ 2025-04-05 09:36:24,690 ] 29 root - INFO - Data Transformation started
[ 2025-04-05 09:36:24,691 ] 63 root - INFO - Entered initiate_data_transformation method of DataTransformation class
[ 2025-04-05 09:36:24,691 ] 65 root - INFO - Starting data transformation
[ 2025-04-05 09:36:24,717 ] 48 root - INFO - Entered get_data_trnasformer_object method of Trnasformation class
[ 2025-04-05 09:36:24,718 ] 53 root - INFO - Initialise KNNImputer with {'missing_values': nan, 'n_neighbors': 3, 'weights': 'uniform'}
[ 2025-04-05 09:36:24,736 ] 46 root - INFO - Entered the save_object method of MainUtils class
[ 2025-04-05 09:36:24,741 ] 50 root - INFO - Exited the save_object method of MainUtils class
[ 2025-04-05 09:36:24,741 ] 46 root - INFO - Entered the save_object method of MainUtils class
[ 2025-04-05 09:36:24,744 ] 50 root - INFO - Exited the save_object method of MainUtils class
[ 2025-04-05 09:36:24,747 ] 33 root - INFO - data Transformation completed
[ 2025-04-05 09:36:24,747 ] 35 root - INFO - Model Traning started
