[ 2025-04-05 09:13:03,761 ] 1025 httpx - INFO - HTTP Request: GET https://dagshub.com/api/v1/user "HTTP/1.1 200 OK"
[ 2025-04-05 09:13:03,767 ] 107 dagshub - INFO - Accessing as akshan09061999
[ 2025-04-05 09:13:06,524 ] 1025 httpx - INFO - HTTP Request: GET https://dagshub.com/api/v1/repos/akshan09061999/NETWORKSECURITY_3 "HTTP/1.1 200 OK"
[ 2025-04-05 09:13:07,452 ] 1025 httpx - INFO - HTTP Request: GET https://dagshub.com/api/v1/user "HTTP/1.1 200 OK"
[ 2025-04-05 09:13:07,490 ] 107 dagshub - INFO - Initialized MLflow to track repo "akshan09061999/NETWORKSECURITY_3"
[ 2025-04-05 09:13:07,492 ] 107 dagshub - INFO - Repository akshan09061999/NETWORKSECURITY_3 initialized!
[ 2025-04-05 09:13:07,494 ] 18 root - INFO - Initiate the data ingestion
[ 2025-04-05 09:13:12,420 ] 65 root - INFO - Performed train test split on the dataframe
[ 2025-04-05 09:13:12,420 ] 67 root - INFO - Exited split_data_as_train_test method of Data_Ingestion class
[ 2025-04-05 09:13:12,421 ] 75 root - INFO - Exporting train and test file path.
[ 2025-04-05 09:13:12,512 ] 84 root - INFO - Exported train and test file path.
[ 2025-04-05 09:13:12,513 ] 20 root - INFO - Data ingestion completed
[ 2025-04-05 09:13:12,537 ] 24 root - INFO - Initiate the data validation
[ 2025-04-05 09:13:12,624 ] 32 root - INFO - Required number of columns:2
[ 2025-04-05 09:13:12,624 ] 33 root - INFO - Data frame has columns:31
[ 2025-04-05 09:13:12,624 ] 32 root - INFO - Required number of columns:2
[ 2025-04-05 09:13:12,624 ] 33 root - INFO - Data frame has columns:31
[ 2025-04-05 09:13:12,818 ] 26 root - INFO - Data validation completed
[ 2025-04-05 09:13:12,819 ] 29 root - INFO - Data Transformation started
[ 2025-04-05 09:13:12,819 ] 63 root - INFO - Entered initiate_data_transformation method of DataTransformation class
[ 2025-04-05 09:13:12,819 ] 65 root - INFO - Starting data transformation
[ 2025-04-05 09:13:12,853 ] 48 root - INFO - Entered get_data_trnasformer_object method of Trnasformation class
[ 2025-04-05 09:13:12,853 ] 53 root - INFO - Initialise KNNImputer with {'missing_values': nan, 'n_neighbors': 3, 'weights': 'uniform'}
[ 2025-04-05 09:13:12,873 ] 46 root - INFO - Entered the save_object method of MainUtils class
[ 2025-04-05 09:13:12,878 ] 50 root - INFO - Exited the save_object method of MainUtils class
[ 2025-04-05 09:13:12,878 ] 46 root - INFO - Entered the save_object method of MainUtils class
[ 2025-04-05 09:13:12,882 ] 50 root - INFO - Exited the save_object method of MainUtils class
[ 2025-04-05 09:13:12,885 ] 33 root - INFO - data Transformation completed
[ 2025-04-05 09:13:12,885 ] 35 root - INFO - Model Traning started
