[ 2025-04-01 11:40:48,016 ] 1025 httpx - INFO - HTTP Request: GET https://dagshub.com/api/v1/user "HTTP/1.1 200 OK"
[ 2025-04-01 11:40:48,022 ] 107 dagshub - INFO - Accessing as akshan09061999
[ 2025-04-01 11:40:48,630 ] 1025 httpx - INFO - HTTP Request: GET https://dagshub.com/api/v1/repos/akshan09061999/NETWORKSECURITY_3 "HTTP/1.1 200 OK"
[ 2025-04-01 11:40:49,241 ] 1025 httpx - INFO - HTTP Request: GET https://dagshub.com/api/v1/user "HTTP/1.1 200 OK"
[ 2025-04-01 11:40:49,243 ] 107 dagshub - INFO - Initialized MLflow to track repo "akshan09061999/NETWORKSECURITY_3"
[ 2025-04-01 11:40:49,244 ] 107 dagshub - INFO - Repository akshan09061999/NETWORKSECURITY_3 initialized!
[ 2025-04-01 11:40:49,246 ] 18 root - INFO - Initiate the data ingestion
[ 2025-04-01 11:40:52,352 ] 65 root - INFO - Performed train test split on the dataframe
[ 2025-04-01 11:40:52,352 ] 67 root - INFO - Exited split_data_as_train_test method of Data_Ingestion class
[ 2025-04-01 11:40:52,352 ] 75 root - INFO - Exporting train and test file path.
[ 2025-04-01 11:40:52,395 ] 84 root - INFO - Exported train and test file path.
[ 2025-04-01 11:40:52,395 ] 20 root - INFO - Data ingestion completed
[ 2025-04-01 11:40:52,404 ] 24 root - INFO - Initiate the data validation
[ 2025-04-01 11:40:52,508 ] 32 root - INFO - Required number of columns:2
[ 2025-04-01 11:40:52,508 ] 33 root - INFO - Data frame has columns:31
[ 2025-04-01 11:40:52,509 ] 32 root - INFO - Required number of columns:2
[ 2025-04-01 11:40:52,509 ] 33 root - INFO - Data frame has columns:31
[ 2025-04-01 11:40:52,626 ] 26 root - INFO - Data validation completed
[ 2025-04-01 11:40:52,626 ] 29 root - INFO - Data Transformation started
[ 2025-04-01 11:40:52,627 ] 63 root - INFO - Entered initiate_data_transformation method of DataTransformation class
[ 2025-04-01 11:40:52,627 ] 65 root - INFO - Starting data transformation
[ 2025-04-01 11:40:52,648 ] 48 root - INFO - Entered get_data_trnasformer_object method of Trnasformation class
[ 2025-04-01 11:40:52,648 ] 53 root - INFO - Initialise KNNImputer with {'missing_values': nan, 'n_neighbors': 3, 'weights': 'uniform'}
[ 2025-04-01 11:40:52,690 ] 46 root - INFO - Entered the save_object method of MainUtils class
[ 2025-04-01 11:40:52,693 ] 50 root - INFO - Exited the save_object method of MainUtils class
[ 2025-04-01 11:40:52,694 ] 46 root - INFO - Entered the save_object method of MainUtils class
[ 2025-04-01 11:40:52,697 ] 50 root - INFO - Exited the save_object method of MainUtils class
[ 2025-04-01 11:40:52,699 ] 33 root - INFO - data Transformation completed
[ 2025-04-01 11:40:52,699 ] 35 root - INFO - Model Traning started
